<?xml version="1.0" encoding="UTF-8"?>
<!-- Generated by org.testng.reporters.JUnitReportReporter -->
<testsuite hostname="Friday" failures="0" tests="2" name="Runner.ItBusiness_SignUp" time="15.239" errors="0" timestamp="2023-09-19T16:08:07 IST" skipped="0">
  <testcase classname="Runner.ItBusiness_SignUp" name="fillDetails" time="8.621"/>
  <system-out/>
  <testcase classname="Runner.ItBusiness_SignUp" name="fillDetails" time="6.618"/>
  <system-out/>
</testsuite> <!-- Runner.ItBusiness_SignUp -->
